2023-08-30 16:02:36.0356 INFO im coming
2023-08-30 16:02:36.1040 WARN be careful
2023-08-30 16:02:36.1049 ERROR thats an error
2023-08-30 16:02:53.2674 INFO creating address object
2023-08-30 16:02:53.3388 INFO 5, asd created succesfully
2023-08-30 16:04:30.9749 INFO im coming
2023-08-30 16:04:31.0856 WARN be careful
2023-08-30 16:04:31.0856 ERROR thats an error
2023-08-30 16:04:40.9189 INFO creating address object
2023-08-30 16:04:40.9189 INFO 4, abgt created succesfully
2023-08-30 16:06:04.7770 INFO im coming
2023-08-30 16:06:04.8449 WARN be careful
2023-08-30 16:06:04.8449 ERROR thats an error
2023-08-30 16:06:15.3573 INFO creating address object
2023-08-30 16:06:15.3573 INFO 4, sdf created succesfully
2023-08-30 16:06:25.2953 INFO creating address object
2023-08-30 16:06:25.2953 INFO 4, tr created succesfully
2023-08-30 16:08:09.0165 INFO im coming
2023-08-30 16:08:09.1011 WARN be careful
2023-08-30 16:08:09.1011 ERROR thats an error
2023-08-30 16:08:28.4455 INFO creating address object
2023-08-30 16:08:28.4584 INFO 6, abk created succesfully
2023-08-30 16:10:56.5365 INFO creating address object
2023-08-30 16:10:56.5974 INFO 3, dg created succesfully
2023-08-30 16:13:07.9582 INFO creating address object
2023-08-30 16:13:08.0237 INFO 6, asd created succesfully
